Performing C SOURCE FILE Test CMAKE_HAVE_LIBC_PTHREAD failed with the following output:
Change Dir: /home/dcr/hector_quadrotor_ws/src/cmake-build-debug/CMakeFiles/CMakeTmp

Run Build Command(s):/usr/bin/make cmTC_082c9/fast && /usr/bin/make  -f CMakeFiles/cmTC_082c9.dir/build.make CMakeFiles/cmTC_082c9.dir/build
make[1]: 进入目录“/home/dcr/hector_quadrotor_ws/src/cmake-build-debug/CMakeFiles/CMakeTmp”
Building C object CMakeFiles/cmTC_082c9.dir/src.c.o
/usr/bin/cc -DCMAKE_HAVE_LIBC_PTHREAD   -o CMakeFiles/cmTC_082c9.dir/src.c.o -c /home/dcr/hector_quadrotor_ws/src/cmake-build-debug/CMakeFiles/CMakeTmp/src.c
Linking C executable cmTC_082c9
/usr/bin/clion-2021.1.3/bin/cmake/linux/bin/cmake -E cmake_link_script CMakeFiles/cmTC_082c9.dir/link.txt --verbose=1
/usr/bin/cc -rdynamic CMakeFiles/cmTC_082c9.dir/src.c.o -o cmTC_082c9 
CMakeFiles/cmTC_082c9.dir/src.c.o：在函数‘main’中：
src.c:(.text+0x3e)：对‘pthread_create’未定义的引用
src.c:(.text+0x4a)：对‘pthread_detach’未定义的引用
src.c:(.text+0x56)：对‘pthread_cancel’未定义的引用
src.c:(.text+0x67)：对‘pthread_join’未定义的引用
src.c:(.text+0x7b)：对‘pthread_atfork’未定义的引用
collect2: error: ld returned 1 exit status
CMakeFiles/cmTC_082c9.dir/build.make:105: recipe for target 'cmTC_082c9' failed
make[1]: *** [cmTC_082c9] Error 1
make[1]: 离开目录“/home/dcr/hector_quadrotor_ws/src/cmake-build-debug/CMakeFiles/CMakeTmp”
Makefile:140: recipe for target 'cmTC_082c9/fast' failed
make: *** [cmTC_082c9/fast] Error 2


Source file was:
#include <pthread.h>

static void* test_func(void* data)
{
  return data;
}

int main(void)
{
  pthread_t thread;
  pthread_create(&thread, NULL, test_func, NULL);
  pthread_detach(thread);
  pthread_cancel(thread);
  pthread_join(thread, NULL);
  pthread_atfork(NULL, NULL, NULL);
  pthread_exit(NULL);

  return 0;
}

Determining if the function pthread_create exists in the pthreads failed with the following output:
Change Dir: /home/dcr/hector_quadrotor_ws/src/cmake-build-debug/CMakeFiles/CMakeTmp

Run Build Command(s):/usr/bin/make cmTC_f9ed7/fast && /usr/bin/make  -f CMakeFiles/cmTC_f9ed7.dir/build.make CMakeFiles/cmTC_f9ed7.dir/build
make[1]: 进入目录“/home/dcr/hector_quadrotor_ws/src/cmake-build-debug/CMakeFiles/CMakeTmp”
Building C object CMakeFiles/cmTC_f9ed7.dir/CheckFunctionExists.c.o
/usr/bin/cc   -DCHECK_FUNCTION_EXISTS=pthread_create -o CMakeFiles/cmTC_f9ed7.dir/CheckFunctionExists.c.o -c /usr/bin/clion-2021.1.3/bin/cmake/linux/share/cmake-3.19/Modules/CheckFunctionExists.c
Linking C executable cmTC_f9ed7
/usr/bin/clion-2021.1.3/bin/cmake/linux/bin/cmake -E cmake_link_script CMakeFiles/cmTC_f9ed7.dir/link.txt --verbose=1
/usr/bin/cc  -DCHECK_FUNCTION_EXISTS=pthread_create -rdynamic CMakeFiles/cmTC_f9ed7.dir/CheckFunctionExists.c.o -o cmTC_f9ed7  -lpthreads 
/usr/bin/ld: 找不到 -lpthreads
collect2: error: ld returned 1 exit status
CMakeFiles/cmTC_f9ed7.dir/build.make:105: recipe for target 'cmTC_f9ed7' failed
make[1]: *** [cmTC_f9ed7] Error 1
make[1]: 离开目录“/home/dcr/hector_quadrotor_ws/src/cmake-build-debug/CMakeFiles/CMakeTmp”
Makefile:140: recipe for target 'cmTC_f9ed7/fast' failed
make: *** [cmTC_f9ed7/fast] Error 2



Determining if the Q_WS_WIN exist failed with the following output:
Change Dir: /home/dcr/hector_quadrotor_ws/src/cmake-build-debug/CMakeFiles/CMakeTmp

Run Build Command(s):/usr/bin/make cmTC_0b7ed/fast && /usr/bin/make  -f CMakeFiles/cmTC_0b7ed.dir/build.make CMakeFiles/cmTC_0b7ed.dir/build
make[1]: 进入目录“/home/dcr/hector_quadrotor_ws/src/cmake-build-debug/CMakeFiles/CMakeTmp”
Building CXX object CMakeFiles/cmTC_0b7ed.dir/CheckSymbolExists.cxx.o
/usr/bin/c++  -I/usr/include/qt4  -o CMakeFiles/cmTC_0b7ed.dir/CheckSymbolExists.cxx.o -c /home/dcr/hector_quadrotor_ws/src/cmake-build-debug/CMakeFiles/CMakeTmp/CheckSymbolExists.cxx
/home/dcr/hector_quadrotor_ws/src/cmake-build-debug/CMakeFiles/CMakeTmp/CheckSymbolExists.cxx: In function ‘int main(int, char**)’:
/home/dcr/hector_quadrotor_ws/src/cmake-build-debug/CMakeFiles/CMakeTmp/CheckSymbolExists.cxx:8:19: error: ‘Q_WS_WIN’ was not declared in this scope
   return ((int*)(&Q_WS_WIN))[argc];
                   ^~~~~~~~
/home/dcr/hector_quadrotor_ws/src/cmake-build-debug/CMakeFiles/CMakeTmp/CheckSymbolExists.cxx:8:19: note: suggested alternative: ‘Q_WS_X11’
   return ((int*)(&Q_WS_WIN))[argc];
                   ^~~~~~~~
                   Q_WS_X11
CMakeFiles/cmTC_0b7ed.dir/build.make:84: recipe for target 'CMakeFiles/cmTC_0b7ed.dir/CheckSymbolExists.cxx.o' failed
make[1]: *** [CMakeFiles/cmTC_0b7ed.dir/CheckSymbolExists.cxx.o] Error 1
make[1]: 离开目录“/home/dcr/hector_quadrotor_ws/src/cmake-build-debug/CMakeFiles/CMakeTmp”
Makefile:140: recipe for target 'cmTC_0b7ed/fast' failed
make: *** [cmTC_0b7ed/fast] Error 2


File /home/dcr/hector_quadrotor_ws/src/cmake-build-debug/CMakeFiles/CMakeTmp/CheckSymbolExists.cxx:
/* */
#include <QtCore/qglobal.h>

int main(int argc, char** argv)
{
  (void)argv;
#ifndef Q_WS_WIN
  return ((int*)(&Q_WS_WIN))[argc];
#else
  (void)argc;
  return 0;
#endif
}
Determining if the Q_WS_QWS exist failed with the following output:
Change Dir: /home/dcr/hector_quadrotor_ws/src/cmake-build-debug/CMakeFiles/CMakeTmp

Run Build Command(s):/usr/bin/make cmTC_91132/fast && /usr/bin/make  -f CMakeFiles/cmTC_91132.dir/build.make CMakeFiles/cmTC_91132.dir/build
make[1]: 进入目录“/home/dcr/hector_quadrotor_ws/src/cmake-build-debug/CMakeFiles/CMakeTmp”
Building CXX object CMakeFiles/cmTC_91132.dir/CheckSymbolExists.cxx.o
/usr/bin/c++  -I/usr/include/qt4  -o CMakeFiles/cmTC_91132.dir/CheckSymbolExists.cxx.o -c /home/dcr/hector_quadrotor_ws/src/cmake-build-debug/CMakeFiles/CMakeTmp/CheckSymbolExists.cxx
/home/dcr/hector_quadrotor_ws/src/cmake-build-debug/CMakeFiles/CMakeTmp/CheckSymbolExists.cxx: In function ‘int main(int, char**)’:
/home/dcr/hector_quadrotor_ws/src/cmake-build-debug/CMakeFiles/CMakeTmp/CheckSymbolExists.cxx:8:19: error: ‘Q_WS_QWS’ was not declared in this scope
   return ((int*)(&Q_WS_QWS))[argc];
                   ^~~~~~~~
/home/dcr/hector_quadrotor_ws/src/cmake-build-debug/CMakeFiles/CMakeTmp/CheckSymbolExists.cxx:8:19: note: suggested alternative: ‘Q_WS_X11’
   return ((int*)(&Q_WS_QWS))[argc];
                   ^~~~~~~~
                   Q_WS_X11
CMakeFiles/cmTC_91132.dir/build.make:84: recipe for target 'CMakeFiles/cmTC_91132.dir/CheckSymbolExists.cxx.o' failed
make[1]: *** [CMakeFiles/cmTC_91132.dir/CheckSymbolExists.cxx.o] Error 1
make[1]: 离开目录“/home/dcr/hector_quadrotor_ws/src/cmake-build-debug/CMakeFiles/CMakeTmp”
Makefile:140: recipe for target 'cmTC_91132/fast' failed
make: *** [cmTC_91132/fast] Error 2


File /home/dcr/hector_quadrotor_ws/src/cmake-build-debug/CMakeFiles/CMakeTmp/CheckSymbolExists.cxx:
/* */
#include <QtCore/qglobal.h>

int main(int argc, char** argv)
{
  (void)argv;
#ifndef Q_WS_QWS
  return ((int*)(&Q_WS_QWS))[argc];
#else
  (void)argc;
  return 0;
#endif
}
Determining if the Q_WS_MAC exist failed with the following output:
Change Dir: /home/dcr/hector_quadrotor_ws/src/cmake-build-debug/CMakeFiles/CMakeTmp

Run Build Command(s):/usr/bin/make cmTC_e44b6/fast && /usr/bin/make  -f CMakeFiles/cmTC_e44b6.dir/build.make CMakeFiles/cmTC_e44b6.dir/build
make[1]: 进入目录“/home/dcr/hector_quadrotor_ws/src/cmake-build-debug/CMakeFiles/CMakeTmp”
Building CXX object CMakeFiles/cmTC_e44b6.dir/CheckSymbolExists.cxx.o
/usr/bin/c++  -I/usr/include/qt4  -o CMakeFiles/cmTC_e44b6.dir/CheckSymbolExists.cxx.o -c /home/dcr/hector_quadrotor_ws/src/cmake-build-debug/CMakeFiles/CMakeTmp/CheckSymbolExists.cxx
/home/dcr/hector_quadrotor_ws/src/cmake-build-debug/CMakeFiles/CMakeTmp/CheckSymbolExists.cxx: In function ‘int main(int, char**)’:
/home/dcr/hector_quadrotor_ws/src/cmake-build-debug/CMakeFiles/CMakeTmp/CheckSymbolExists.cxx:8:19: error: ‘Q_WS_MAC’ was not declared in this scope
   return ((int*)(&Q_WS_MAC))[argc];
                   ^~~~~~~~
/home/dcr/hector_quadrotor_ws/src/cmake-build-debug/CMakeFiles/CMakeTmp/CheckSymbolExists.cxx:8:19: note: suggested alternative: ‘Q_WS_X11’
   return ((int*)(&Q_WS_MAC))[argc];
                   ^~~~~~~~
                   Q_WS_X11
CMakeFiles/cmTC_e44b6.dir/build.make:84: recipe for target 'CMakeFiles/cmTC_e44b6.dir/CheckSymbolExists.cxx.o' failed
make[1]: *** [CMakeFiles/cmTC_e44b6.dir/CheckSymbolExists.cxx.o] Error 1
make[1]: 离开目录“/home/dcr/hector_quadrotor_ws/src/cmake-build-debug/CMakeFiles/CMakeTmp”
Makefile:140: recipe for target 'cmTC_e44b6/fast' failed
make: *** [cmTC_e44b6/fast] Error 2


File /home/dcr/hector_quadrotor_ws/src/cmake-build-debug/CMakeFiles/CMakeTmp/CheckSymbolExists.cxx:
/* */
#include <QtCore/qglobal.h>

int main(int argc, char** argv)
{
  (void)argv;
#ifndef Q_WS_MAC
  return ((int*)(&Q_WS_MAC))[argc];
#else
  (void)argc;
  return 0;
#endif
}
